<?xml version="1.0" encoding="UTF-8"?>
<robot generator="Robot 5.0 (Python 3.10.4 on win32)" generated="20220509 16:25:51.358" rpa="false" schemaversion="3">
<suite id="s1" name="Verify Valid Credential Suite" source="C:\Users\Naman Thakur\PycharmProjects\Orange_HRM_Automation\LoginSuite\verify_valid_credential_suite.robot">
<test id="s1-t1" name="Valid Credentials" line="13">
<kw name="Launch Browser" library="CommonFunctionality" type="SETUP">
<kw name="Append To Environment Variable" library="OperatingSystem">
<arg>Path</arg>
<arg>${EXECDIR}${/}driver</arg>
<doc>Appends given ``values`` to environment variable ``name``.</doc>
<msg timestamp="20220509 16:25:51.807" level="INFO">Environment variable 'Path' set to value 'C:\Program Files\Python310\Scripts\;C:\Program Files\Python310\;C:\Program Files\Common Files\Oracle\Java\javapath;C:\Program Files (x86)\Common Files\Oracle\Java\javapath;C:\Windows\system32;C:\Windows;C:\Windows\System32\Wbem;C:\Windows\System32\WindowsPowerShell\v1.0\;C:\Windows\System32\OpenSSH\;C:\Program Files (x86)\NVIDIA Corporation\PhysX\Common;C:\Program Files\Intel\WiFi\bin\;C:\Program Files\Common Files\Intel\WirelessCommon\;C:\WINDOWS\system32;C:\WINDOWS;C:\WINDOWS\System32\Wbem;C:\WINDOWS\System32\WindowsPowerShell\v1.0\;C:\WINDOWS\System32\OpenSSH\;C:\Program Files\Git\cmd;C:\Users\Naman Thakur\AppData\Local\Microsoft\WindowsApps1;C:\Program Files\JetBrains\PyCharm Community Edition 2021.2.3\bin;;C:\Program Files\JetBrains\PyCharm 2021.2.3\bin;;C:\Users\Naman Thakur\AppData\Local\Programs\Microsoft VS Code\bin;C:\Users\Naman Thakur\AppData\Local\GitHubDesktop\bin;;C:\Users\Naman Thakur\PycharmProjects\Orange_HRM_Automation\driver'.</msg>
<status status="PASS" starttime="20220509 16:25:51.806" endtime="20220509 16:25:51.807"/>
</kw>
<kw name="Open Browser" library="SeleniumLibrary">
<arg>browser= ${BROWSER}</arg>
<doc>Opens a new browser instance to the optional ``url``.</doc>
<msg timestamp="20220509 16:25:51.808" level="INFO">Opening browser ' chrome' to base url 'None'.</msg>
<status status="PASS" starttime="20220509 16:25:51.807" endtime="20220509 16:25:53.681"/>
</kw>
<kw name="Maximize Browser Window" library="SeleniumLibrary">
<doc>Maximizes current browser window.</doc>
<status status="PASS" starttime="20220509 16:25:53.681" endtime="20220509 16:25:53.805"/>
</kw>
<kw name="Set Selenium Implicit Wait" library="SeleniumLibrary">
<arg>30s</arg>
<doc>Sets the implicit wait value used by Selenium.</doc>
<status status="PASS" starttime="20220509 16:25:53.806" endtime="20220509 16:25:53.808"/>
</kw>
<kw name="Set Screenshot Directory" library="SeleniumLibrary">
<arg>${EXECDIR}${/}screenshot</arg>
<doc>Sets the directory for captured screenshots.</doc>
<status status="PASS" starttime="20220509 16:25:53.808" endtime="20220509 16:25:53.809"/>
</kw>
<kw name="Go To" library="SeleniumLibrary">
<arg>url= ${URL}</arg>
<doc>Navigates the current browser window to the provided ``url``.</doc>
<msg timestamp="20220509 16:25:53.810" level="INFO">Opening url ' https://opensource-demo.orangehrmlive.com/'</msg>
<status status="PASS" starttime="20220509 16:25:53.810" endtime="20220509 16:26:01.167"/>
</kw>
<status status="PASS" starttime="20220509 16:25:51.805" endtime="20220509 16:26:01.167"/>
</kw>
<kw name="Input Text" library="SeleniumLibrary">
<arg>id=txtUsername</arg>
<arg>Admin</arg>
<doc>Types the given ``text`` into the text field identified by ``locator``.</doc>
<msg timestamp="20220509 16:26:01.169" level="INFO">Typing text 'Admin' into text field 'id=txtUsername'.</msg>
<status status="PASS" starttime="20220509 16:26:01.168" endtime="20220509 16:26:01.302"/>
</kw>
<kw name="Input Password" library="SeleniumLibrary">
<arg>id=txtPassword</arg>
<arg>admin123</arg>
<doc>Types the given password into the text field identified by ``locator``.</doc>
<msg timestamp="20220509 16:26:01.303" level="INFO">Typing password into text field 'id=txtPassword'.</msg>
<msg timestamp="20220509 16:26:01.364" level="INFO">Temporally setting log level to: NONE</msg>
<msg timestamp="20220509 16:26:01.429" level="INFO">Log level changed from NONE to INFO.</msg>
<status status="PASS" starttime="20220509 16:26:01.303" endtime="20220509 16:26:01.430"/>
</kw>
<kw name="Click Element" library="SeleniumLibrary">
<arg>id=btnLogin</arg>
<doc>Click the element identified by ``locator``.</doc>
<msg timestamp="20220509 16:26:01.431" level="INFO">Clicking element 'id=btnLogin'.</msg>
<status status="PASS" starttime="20220509 16:26:01.430" endtime="20220509 16:26:09.683"/>
</kw>
<kw name="Page Should Contain" library="SeleniumLibrary">
<arg>My Info</arg>
<doc>Verifies that current page contains ``text``.</doc>
<msg timestamp="20220509 16:26:09.713" level="INFO">Current page contains text 'My Info'.</msg>
<status status="PASS" starttime="20220509 16:26:09.683" endtime="20220509 16:26:09.713"/>
</kw>
<status status="PASS" starttime="20220509 16:25:51.803" endtime="20220509 16:26:09.714"/>
</test>
<doc>This suite will handle valid credentials.
test - TC_OH_2</doc>
<status status="PASS" starttime="20220509 16:25:51.361" endtime="20220509 16:26:09.717"/>
</suite>
<statistics>
<total>
<stat pass="1" fail="0" skip="0">All Tests</stat>
</total>
<tag>
</tag>
<suite>
<stat pass="1" fail="0" skip="0" id="s1" name="Verify Valid Credential Suite">Verify Valid Credential Suite</stat>
</suite>
</statistics>
<errors>
</errors>
</robot>
