<?xml version="1.0" encoding="UTF-8"?>
<robot generator="Robot 5.0 (Python 3.10.4 on win32)" generated="20220510 11:03:27.111" rpa="false" schemaversion="3">
<suite id="s1" name="Verify Emergency Contact Suite" source="C:\Users\Naman Thakur\PycharmProjects\Orange_HRM_Automation\MyInfoSuite\verify_emergency_contact_suite.robot">
<test id="s1-t1" name="Emergency Contact Test" line="13">
<kw name="Launch Browser" library="CommonFunctionality" type="SETUP">
<kw name="Append To Environment Variable" library="OperatingSystem">
<arg>Path</arg>
<arg>${EXECDIR}${/}driver</arg>
<doc>Appends given ``values`` to environment variable ``name``.</doc>
<msg timestamp="20220510 11:03:27.408" level="INFO">Environment variable 'Path' set to value 'C:\Program Files\Python310\Scripts\;C:\Program Files\Python310\;C:\Program Files\Common Files\Oracle\Java\javapath;C:\Program Files (x86)\Common Files\Oracle\Java\javapath;C:\Windows\system32;C:\Windows;C:\Windows\System32\Wbem;C:\Windows\System32\WindowsPowerShell\v1.0\;C:\Windows\System32\OpenSSH\;C:\Program Files (x86)\NVIDIA Corporation\PhysX\Common;C:\Program Files\Intel\WiFi\bin\;C:\Program Files\Common Files\Intel\WirelessCommon\;C:\WINDOWS\system32;C:\WINDOWS;C:\WINDOWS\System32\Wbem;C:\WINDOWS\System32\WindowsPowerShell\v1.0\;C:\WINDOWS\System32\OpenSSH\;C:\Program Files\Git\cmd;C:\Users\Naman Thakur\AppData\Local\Microsoft\WindowsApps1;C:\Program Files\JetBrains\PyCharm Community Edition 2021.2.3\bin;;C:\Program Files\JetBrains\PyCharm 2021.2.3\bin;;C:\Users\Naman Thakur\AppData\Local\Programs\Microsoft VS Code\bin;C:\Users\Naman Thakur\AppData\Local\GitHubDesktop\bin;;C:\Users\Naman Thakur\PycharmProjects\Orange_HRM_Automation\driver'.</msg>
<status status="PASS" starttime="20220510 11:03:27.407" endtime="20220510 11:03:27.408"/>
</kw>
<kw name="Open Browser" library="SeleniumLibrary">
<arg>browser=${BROWSER}</arg>
<doc>Opens a new browser instance to the optional ``url``.</doc>
<msg timestamp="20220510 11:03:27.408" level="INFO">Opening browser 'chrome' to base url 'None'.</msg>
<status status="PASS" starttime="20220510 11:03:27.408" endtime="20220510 11:03:29.087"/>
</kw>
<kw name="Maximize Browser Window" library="SeleniumLibrary">
<doc>Maximizes current browser window.</doc>
<status status="PASS" starttime="20220510 11:03:29.088" endtime="20220510 11:03:29.212"/>
</kw>
<kw name="Set Selenium Implicit Wait" library="SeleniumLibrary">
<arg>30s</arg>
<doc>Sets the implicit wait value used by Selenium.</doc>
<status status="PASS" starttime="20220510 11:03:29.212" endtime="20220510 11:03:29.214"/>
</kw>
<kw name="Set Screenshot Directory" library="SeleniumLibrary">
<arg>${EXECDIR}${/}screenshot</arg>
<doc>Sets the directory for captured screenshots.</doc>
<status status="PASS" starttime="20220510 11:03:29.214" endtime="20220510 11:03:29.215"/>
</kw>
<kw name="Go To" library="SeleniumLibrary">
<arg>url=${URL}</arg>
<doc>Navigates the current browser window to the provided ``url``.</doc>
<msg timestamp="20220510 11:03:29.216" level="INFO">Opening url 'https://opensource-demo.orangehrmlive.com/'</msg>
<status status="PASS" starttime="20220510 11:03:29.215" endtime="20220510 11:03:38.911"/>
</kw>
<status status="PASS" starttime="20220510 11:03:27.407" endtime="20220510 11:03:38.911"/>
</kw>
<kw name="Input Text" library="SeleniumLibrary">
<arg>id=txtUsername</arg>
<arg>Admin</arg>
<doc>Types the given ``text`` into the text field identified by ``locator``.</doc>
<msg timestamp="20220510 11:03:38.913" level="INFO">Typing text 'Admin' into text field 'id=txtUsername'.</msg>
<status status="PASS" starttime="20220510 11:03:38.912" endtime="20220510 11:03:39.032"/>
</kw>
<kw name="Input Password" library="SeleniumLibrary">
<arg>id=txtPassword</arg>
<arg>admin123</arg>
<doc>Types the given password into the text field identified by ``locator``.</doc>
<msg timestamp="20220510 11:03:39.033" level="INFO">Typing password into text field 'id=txtPassword'.</msg>
<msg timestamp="20220510 11:03:39.083" level="INFO">Temporally setting log level to: NONE</msg>
<msg timestamp="20220510 11:03:39.136" level="INFO">Log level changed from NONE to INFO.</msg>
<status status="PASS" starttime="20220510 11:03:39.032" endtime="20220510 11:03:39.136"/>
</kw>
<kw name="Click Element" library="SeleniumLibrary">
<arg>id=btnLogin</arg>
<doc>Click the element identified by ``locator``.</doc>
<msg timestamp="20220510 11:03:39.137" level="INFO">Clicking element 'id=btnLogin'.</msg>
<status status="PASS" starttime="20220510 11:03:39.137" endtime="20220510 11:03:46.174"/>
</kw>
<kw name="Page Should Contain" library="SeleniumLibrary">
<arg>My Info</arg>
<doc>Verifies that current page contains ``text``.</doc>
<msg timestamp="20220510 11:03:46.202" level="INFO">Current page contains text 'My Info'.</msg>
<status status="PASS" starttime="20220510 11:03:46.175" endtime="20220510 11:03:46.202"/>
</kw>
<kw name="Click Element" library="SeleniumLibrary">
<arg>id=menu_pim_viewMyDetails</arg>
<doc>Click the element identified by ``locator``.</doc>
<msg timestamp="20220510 11:03:46.203" level="INFO">Clicking element 'id=menu_pim_viewMyDetails'.</msg>
<status status="PASS" starttime="20220510 11:03:46.203" endtime="20220510 11:03:48.814"/>
</kw>
<kw name="Click Element" library="SeleniumLibrary">
<arg>link=Emergency Contacts</arg>
<doc>Click the element identified by ``locator``.</doc>
<msg timestamp="20220510 11:03:48.816" level="INFO">Clicking element 'link=Emergency Contacts'.</msg>
<status status="PASS" starttime="20220510 11:03:48.815" endtime="20220510 11:03:50.444"/>
</kw>
<kw name="Click Element" library="SeleniumLibrary">
<arg>id=btnAddContact</arg>
<doc>Click the element identified by ``locator``.</doc>
<msg timestamp="20220510 11:03:50.445" level="INFO">Clicking element 'id=btnAddContact'.</msg>
<status status="PASS" starttime="20220510 11:03:50.445" endtime="20220510 11:03:50.524"/>
</kw>
<kw name="Input Text" library="SeleniumLibrary">
<arg>id=emgcontacts_name</arg>
<arg>Satish</arg>
<doc>Types the given ``text`` into the text field identified by ``locator``.</doc>
<msg timestamp="20220510 11:03:50.525" level="INFO">Typing text 'Satish' into text field 'id=emgcontacts_name'.</msg>
<status status="PASS" starttime="20220510 11:03:50.524" endtime="20220510 11:03:50.649"/>
</kw>
<kw name="Input Text" library="SeleniumLibrary">
<arg>id=emgcontacts_relationship</arg>
<arg>Brother</arg>
<doc>Types the given ``text`` into the text field identified by ``locator``.</doc>
<msg timestamp="20220510 11:03:50.651" level="INFO">Typing text 'Brother' into text field 'id=emgcontacts_relationship'.</msg>
<status status="PASS" starttime="20220510 11:03:50.650" endtime="20220510 11:03:50.762"/>
</kw>
<kw name="Input Text" library="SeleniumLibrary">
<arg>id=emgcontacts_homePhone</arg>
<arg>454554</arg>
<doc>Types the given ``text`` into the text field identified by ``locator``.</doc>
<msg timestamp="20220510 11:03:50.763" level="INFO">Typing text '454554' into text field 'id=emgcontacts_homePhone'.</msg>
<status status="PASS" starttime="20220510 11:03:50.763" endtime="20220510 11:03:50.872"/>
</kw>
<kw name="Input Text" library="SeleniumLibrary">
<arg>id=emgcontacts_mobilePhone</arg>
<arg>44554</arg>
<doc>Types the given ``text`` into the text field identified by ``locator``.</doc>
<msg timestamp="20220510 11:03:50.873" level="INFO">Typing text '44554' into text field 'id=emgcontacts_mobilePhone'.</msg>
<status status="PASS" starttime="20220510 11:03:50.872" endtime="20220510 11:03:50.977"/>
</kw>
<kw name="Input Text" library="SeleniumLibrary">
<arg>id=emgcontacts_workPhone</arg>
<arg>7887</arg>
<doc>Types the given ``text`` into the text field identified by ``locator``.</doc>
<msg timestamp="20220510 11:03:50.979" level="INFO">Typing text '7887' into text field 'id=emgcontacts_workPhone'.</msg>
<status status="PASS" starttime="20220510 11:03:50.978" endtime="20220510 11:03:51.083"/>
</kw>
<kw name="Click Element" library="SeleniumLibrary">
<arg>id=btnSaveEContact</arg>
<doc>Click the element identified by ``locator``.</doc>
<msg timestamp="20220510 11:03:51.084" level="INFO">Clicking element 'id=btnSaveEContact'.</msg>
<status status="PASS" starttime="20220510 11:03:51.084" endtime="20220510 11:03:53.159"/>
</kw>
<kw name="Table Should Contain" library="SeleniumLibrary">
<arg>id=emgcontact_list</arg>
<arg>Satish</arg>
<doc>Verifies table contains text ``expected``.</doc>
<status status="PASS" starttime="20220510 11:03:53.160" endtime="20220510 11:03:53.496"/>
</kw>
<kw name="Close Browser" library="SeleniumLibrary" type="TEARDOWN">
<doc>Closes the current browser.</doc>
<status status="PASS" starttime="20220510 11:03:53.497" endtime="20220510 11:03:55.625"/>
</kw>
<status status="PASS" starttime="20220510 11:03:27.406" endtime="20220510 11:03:55.626"/>
</test>
<doc>This suite will handle invalid credentials.
</doc>
<status status="PASS" starttime="20220510 11:03:27.114" endtime="20220510 11:03:55.628"/>
</suite>
<statistics>
<total>
<stat pass="1" fail="0" skip="0">All Tests</stat>
</total>
<tag>
</tag>
<suite>
<stat pass="1" fail="0" skip="0" id="s1" name="Verify Emergency Contact Suite">Verify Emergency Contact Suite</stat>
</suite>
</statistics>
<errors>
</errors>
</robot>
